<?xml version="1.0" encoding="UTF-8"?>
<!-- Generated by org.testng.reporters.JUnitXMLReporter -->
<testsuite hostname="net04-PC" ignored="6" name="Default test" tests="1" failures="0" timestamp="14 Feb 2018 10:58:30 GMT" time="15.432" errors="0">
  <testcase name="take_screenshot" time="6.073" classname="Test_Cases.Verify_dashboard"/>
  <testcase name="verify_location" time="0.0" classname="Test_Cases.Verify_dashboard">
    <ignored/>
  </testcase> <!-- verify_location -->
  <testcase name="verify_cart" time="0.0" classname="Test_Cases.Verify_dashboard">
    <ignored/>
  </testcase> <!-- verify_cart -->
  <testcase name="verify_quicklinks" time="0.0" classname="Test_Cases.Verify_dashboard">
    <ignored/>
  </testcase> <!-- verify_quicklinks -->
  <testcase name="verify_contact" time="0.0" classname="Test_Cases.Verify_dashboard">
    <ignored/>
  </testcase> <!-- verify_contact -->
  <testcase name="verify_resto" time="0.0" classname="Test_Cases.Verify_dashboard">
    <ignored/>
  </testcase> <!-- verify_resto -->
  <testcase name="Headerlinks" time="0.0" classname="Test_Cases.Verify_dashboard">
    <ignored/>
  </testcase> <!-- Headerlinks -->
</testsuite> <!-- Default test -->
