<?xml version="1.0" encoding="UTF-8"?>
<testng-results skipped="0" failed="0" ignored="0" total="1" passed="1">
  <reporter-output>
  </reporter-output>
  <suite name="Default suite" duration-ms="160837" started-at="2018-02-21T06:45:30Z" finished-at="2018-02-21T06:48:11Z">
    <groups>
    </groups>
    <test name="Default test" duration-ms="160837" started-at="2018-02-21T06:45:30Z" finished-at="2018-02-21T06:48:11Z">
      <class name="Test_Cases.test">
        <test-method status="PASS" signature="Openbrowser()[pri:0, instance:Test_Cases.test@61eaec38]" name="Openbrowser" is-config="true" duration-ms="7324" started-at="2018-02-21T12:15:23Z" finished-at="2018-02-21T12:15:30Z">
          <reporter-output>
          </reporter-output>
        </test-method> <!-- Openbrowser -->
        <test-method status="PASS" signature="captcha()[pri:0, instance:Test_Cases.test@61eaec38]" name="captcha" duration-ms="153456" started-at="2018-02-21T12:15:30Z" finished-at="2018-02-21T12:18:03Z">
          <reporter-output>
          </reporter-output>
        </test-method> <!-- captcha -->
        <test-method status="PASS" signature="tracerror(org.testng.ITestResult)[pri:0, instance:Test_Cases.test@61eaec38]" name="tracerror" is-config="true" duration-ms="2" started-at="2018-02-21T12:18:03Z" finished-at="2018-02-21T12:18:03Z">
          <params>
            <param index="0">
              <value>
                <![CDATA[[TestResult name=captcha status=SUCCESS method=test.captcha()[pri:0, instance:Test_Cases.test@61eaec38] output={null}]]]>
              </value>
            </param>
          </params>
          <reporter-output>
          </reporter-output>
        </test-method> <!-- tracerror -->
        <test-method status="PASS" signature="teardown()[pri:0, instance:Test_Cases.test@61eaec38]" name="teardown" is-config="true" duration-ms="7361" started-at="2018-02-21T12:18:03Z" finished-at="2018-02-21T12:18:11Z">
          <reporter-output>
          </reporter-output>
        </test-method> <!-- teardown -->
      </class> <!-- Test_Cases.test -->
    </test> <!-- Default test -->
  </suite> <!-- Default suite -->
</testng-results>
