<?xml version="1.0" encoding="UTF-8"?>
<testng-results skipped="0" failed="0" ignored="0" total="3" passed="3">
  <reporter-output>
  </reporter-output>
  <suite name="Default suite" duration-ms="286270" started-at="2018-04-04T13:14:02Z" finished-at="2018-04-04T13:18:49Z">
    <groups>
    </groups>
    <test name="Default test" duration-ms="286270" started-at="2018-04-04T13:14:02Z" finished-at="2018-04-04T13:18:49Z">
      <class name="Test_Cases.Delete_loyalty_every">
        <test-method status="PASS" signature="Openbrowser()[pri:0, instance:Test_Cases.Delete_loyalty_every@cc285f4]" name="Openbrowser" is-config="true" duration-ms="9773" started-at="2018-04-04T18:43:53Z" finished-at="2018-04-04T18:44:02Z">
          <reporter-output>
          </reporter-output>
        </test-method> <!-- Openbrowser -->
        <test-method status="PASS" signature="login()[pri:1, instance:Test_Cases.Delete_loyalty_every@cc285f4]" name="login" duration-ms="8632" started-at="2018-04-04T18:44:02Z" finished-at="2018-04-04T18:44:11Z">
          <reporter-output>
          </reporter-output>
        </test-method> <!-- login -->
        <test-method status="PASS" signature="search()[pri:2, instance:Test_Cases.Delete_loyalty_every@cc285f4]" name="search" duration-ms="8832" started-at="2018-04-04T18:44:11Z" finished-at="2018-04-04T18:44:20Z">
          <reporter-output>
          </reporter-output>
        </test-method> <!-- search -->
        <test-method status="PASS" signature="delete()[pri:3, instance:Test_Cases.Delete_loyalty_every@cc285f4]" name="delete" duration-ms="268781" started-at="2018-04-04T18:44:20Z" finished-at="2018-04-04T18:48:49Z">
          <reporter-output>
          </reporter-output>
        </test-method> <!-- delete -->
      </class> <!-- Test_Cases.Delete_loyalty_every -->
    </test> <!-- Default test -->
  </suite> <!-- Default suite -->
</testng-results>
