<?xml version="1.0" encoding="UTF-8"?>
<testng-results skipped="0" failed="0" ignored="6" total="7" passed="1">
  <reporter-output>
  </reporter-output>
  <suite name="Default suite" duration-ms="15432" started-at="2018-02-14T10:58:14Z" finished-at="2018-02-14T10:58:30Z">
    <groups>
    </groups>
    <test name="Default test" duration-ms="15432" started-at="2018-02-14T10:58:14Z" finished-at="2018-02-14T10:58:30Z">
      <class name="Test_Cases.Verify_dashboard">
        <test-method status="PASS" signature="Openbrowser()[pri:0, instance:Test_Cases.Verify_dashboard@518caac3]" name="Openbrowser" is-config="true" duration-ms="20343" started-at="2018-02-14T16:27:54Z" finished-at="2018-02-14T16:28:14Z">
          <reporter-output>
          </reporter-output>
        </test-method> <!-- Openbrowser -->
        <test-method status="PASS" signature="take_screenshot()[pri:0, instance:Test_Cases.Verify_dashboard@518caac3]" name="take_screenshot" duration-ms="6073" started-at="2018-02-14T16:28:14Z" finished-at="2018-02-14T16:28:20Z">
          <reporter-output>
          </reporter-output>
        </test-method> <!-- take_screenshot -->
        <test-method status="PASS" signature="tracerror(org.testng.ITestResult)[pri:0, instance:Test_Cases.Verify_dashboard@518caac3]" name="tracerror" is-config="true" duration-ms="4" started-at="2018-02-14T16:28:20Z" finished-at="2018-02-14T16:28:20Z">
          <params>
            <param index="0">
              <value>
                <![CDATA[[TestResult name=take_screenshot status=SUCCESS method=Verify_dashboard.take_screenshot()[pri:0, instance:Test_Cases.Verify_dashboard@518caac3] output={null}]]]>
              </value>
            </param>
          </params>
          <reporter-output>
          </reporter-output>
        </test-method> <!-- tracerror -->
        <test-method status="PASS" signature="teardown()[pri:0, instance:Test_Cases.Verify_dashboard@518caac3]" name="teardown" is-config="true" duration-ms="9341" started-at="2018-02-14T16:28:20Z" finished-at="2018-02-14T16:28:30Z">
          <reporter-output>
          </reporter-output>
        </test-method> <!-- teardown -->
      </class> <!-- Test_Cases.Verify_dashboard -->
    </test> <!-- Default test -->
  </suite> <!-- Default suite -->
</testng-results>
