<?xml version="1.0" encoding="UTF-8"?>
<testng-results skipped="0" failed="0" ignored="1" total="2" passed="1">
  <reporter-output>
  </reporter-output>
  <suite name="Default suite" duration-ms="8255" started-at="2018-03-12T06:15:54Z" finished-at="2018-03-12T06:16:03Z">
    <groups>
    </groups>
    <test name="Default test" duration-ms="8255" started-at="2018-03-12T06:15:54Z" finished-at="2018-03-12T06:16:03Z">
      <class name="Test_Cases.loyalty_calculator">
        <test-method status="PASS" signature="calculate_loyalty_markup()[pri:0, instance:Test_Cases.loyalty_calculator@55f3ddb1]" name="calculate_loyalty_markup" duration-ms="8231" started-at="2018-03-12T11:45:54Z" finished-at="2018-03-12T11:46:03Z">
          <reporter-output>
          </reporter-output>
        </test-method> <!-- calculate_loyalty_markup -->
      </class> <!-- Test_Cases.loyalty_calculator -->
    </test> <!-- Default test -->
  </suite> <!-- Default suite -->
</testng-results>
